# JRE version: OpenJDK Runtime Environment (7.0_79-b14) (build 1.7.0_79-b14)
# Java VM: OpenJDK 64-Bit Server VM (24.79-b02 mixed mode linux-amd64 compressed oops)
Heap
 PSYoungGen      total 298496K, used 36884K [0x00000000eaa80000, 0x00000000ff780000, 0x0000000100000000)
  eden space 263168K, 14% used [0x00000000eaa80000,0x00000000ece850b8,0x00000000fab80000)
  from space 35328K, 0% used [0x00000000fab80000,0x00000000fab80000,0x00000000fce00000)
  to   space 38912K, 0% used [0x00000000fd180000,0x00000000fd180000,0x00000000ff780000)
 ParOldGen       total 175104K, used 55817K [0x00000000c0000000, 0x00000000cab00000, 0x00000000eaa80000)
  object space 175104K, 31% used [0x00000000c0000000,0x00000000c3682418,0x00000000cab00000)
 PSPermGen       total 177152K, used 79523K [0x00000000ac000000, 0x00000000b6d00000, 0x00000000c0000000)
  object space 177152K, 44% used [0x00000000ac000000,0x00000000b0da8cb8,0x00000000b6d00000)
GC Heap History (10 events):
Event: 65.580 GC heap before
{Heap before GC invocations=7 (full 0):
 PSYoungGen      total 166912K, used 150615K [0x00000000eaa80000, 0x00000000f7180000, 0x0000000100000000)
  eden space 131584K, 100% used [0x00000000eaa80000,0x00000000f2b00000,0x00000000f2b00000)
  from space 35328K, 53% used [0x00000000f4e00000,0x00000000f6095ff8,0x00000000f7080000)
  to   space 35840K, 0% used [0x00000000f2b00000,0x00000000f2b00000,0x00000000f4e00000)
 ParOldGen       total 175104K, used 83691K [0x00000000c0000000, 0x00000000cab00000, 0x00000000eaa80000)
  object space 175104K, 47% used [0x00000000c0000000,0x00000000c51baea0,0x00000000cab00000)
 PSPermGen       total 74752K, used 74649K [0x00000000ac000000, 0x00000000b0900000, 0x00000000c0000000)
  object space 74752K, 99% used [0x00000000ac000000,0x00000000b08e66e8,0x00000000b0900000)
Event: 65.604 GC heap after
Heap after GC invocations=7 (full 0):
 PSYoungGen      total 167424K, used 27716K [0x00000000eaa80000, 0x00000000ff080000, 0x0000000100000000)
  eden space 131584K, 0% used [0x00000000eaa80000,0x00000000eaa80000,0x00000000f2b00000)
  from space 35840K, 77% used [0x00000000f2b00000,0x00000000f46110a8,0x00000000f4e00000)
  to   space 35328K, 0% used [0x00000000fce00000,0x00000000fce00000,0x00000000ff080000)
 ParOldGen       total 175104K, used 89079K [0x00000000c0000000, 0x00000000cab00000, 0x00000000eaa80000)
  object space 175104K, 50% used [0x00000000c0000000,0x00000000c56fdd90,0x00000000cab00000)
 PSPermGen       total 74752K, used 74649K [0x00000000ac000000, 0x00000000b0900000, 0x00000000c0000000)
  object space 74752K, 99% used [0x00000000ac000000,0x00000000b08e66e8,0x00000000b0900000)
}
Event: 70.787 GC heap before
{Heap before GC invocations=8 (full 0):
 PSYoungGen      total 167424K, used 51349K [0x00000000eaa80000, 0x00000000ff080000, 0x0000000100000000)
  eden space 131584K, 17% used [0x00000000eaa80000,0x00000000ec194450,0x00000000f2b00000)
  from space 35840K, 77% used [0x00000000f2b00000,0x00000000f46110a8,0x00000000f4e00000)
  to   space 35328K, 0% used [0x00000000fce00000,0x00000000fce00000,0x00000000ff080000)
 ParOldGen       total 175104K, used 89079K [0x00000000c0000000, 0x00000000cab00000, 0x00000000eaa80000)
  object space 175104K, 50% used [0x00000000c0000000,0x00000000c56fdd90,0x00000000cab00000)
 PSPermGen       total 78848K, used 78368K [0x00000000ac000000, 0x00000000b0d00000, 0x00000000c0000000)
  object space 78848K, 99% used [0x00000000ac000000,0x00000000b0c88370,0x00000000b0d00000)
Event: 70.803 GC heap after
Heap after GC invocations=8 (full 0):
 PSYoungGen      total 298496K, used 20451K [0x00000000eaa80000, 0x00000000ff080000, 0x0000000100000000)
  eden space 263168K, 0% used [0x00000000eaa80000,0x00000000eaa80000,0x00000000fab80000)
  from space 35328K, 57% used [0x00000000fce00000,0x00000000fe1f8d70,0x00000000ff080000)
  to   space 35328K, 0% used [0x00000000fab80000,0x00000000fab80000,0x00000000fce00000)
 ParOldGen       total 175104K, used 91756K [0x00000000c0000000, 0x00000000cab00000, 0x00000000eaa80000)
  object space 175104K, 52% used [0x00000000c0000000,0x00000000c599b0f0,0x00000000cab00000)
 PSPermGen       total 78848K, used 78368K [0x00000000ac000000, 0x00000000b0d00000, 0x00000000c0000000)
  object space 78848K, 99% used [0x00000000ac000000,0x00000000b0c88370,0x00000000b0d00000)
}
Event: 70.803 GC heap before
{Heap before GC invocations=9 (full 1):
 PSYoungGen      total 298496K, used 20451K [0x00000000eaa80000, 0x00000000ff080000, 0x0000000100000000)
  eden space 263168K, 0% used [0x00000000eaa80000,0x00000000eaa80000,0x00000000fab80000)
  from space 35328K, 57% used [0x00000000fce00000,0x00000000fe1f8d70,0x00000000ff080000)
  to   space 35328K, 0% used [0x00000000fab80000,0x00000000fab80000,0x00000000fce00000)
 ParOldGen       total 175104K, used 91756K [0x00000000c0000000, 0x00000000cab00000, 0x00000000eaa80000)
  object space 175104K, 52% used [0x00000000c0000000,0x00000000c599b0f0,0x00000000cab00000)
 PSPermGen       total 78848K, used 78368K [0x00000000ac000000, 0x00000000b0d00000, 0x00000000c0000000)
  object space 78848K, 99% used [0x00000000ac000000,0x00000000b0c88370,0x00000000b0d00000)
Event: 71.071 GC heap after
Heap after GC invocations=9 (full 1):
 PSYoungGen      total 298496K, used 0K [0x00000000eaa80000, 0x00000000ff080000, 0x0000000100000000)
  eden space 263168K, 0% used [0x00000000eaa80000,0x00000000eaa80000,0x00000000fab80000)
  from space 35328K, 0% used [0x00000000fce00000,0x00000000fce00000,0x00000000ff080000)
  to   space 35328K, 0% used [0x00000000fab80000,0x00000000fab80000,0x00000000fce00000)
 ParOldGen       total 175104K, used 93469K [0x00000000c0000000, 0x00000000cab00000, 0x00000000eaa80000)
  object space 175104K, 53% used [0x00000000c0000000,0x00000000c5b474e8,0x00000000cab00000)
 PSPermGen       total 157184K, used 78312K [0x00000000ac000000, 0x00000000b5980000, 0x00000000c0000000)
  object space 157184K, 49% used [0x00000000ac000000,0x00000000b0c7a320,0x00000000b5980000)
}
Event: 130.788 GC heap before
{Heap before GC invocations=10 (full 1):
 PSYoungGen      total 298496K, used 16561K [0x00000000eaa80000, 0x00000000ff080000, 0x0000000100000000)
  eden space 263168K, 6% used [0x00000000eaa80000,0x00000000ebaac470,0x00000000fab80000)
  from space 35328K, 0% used [0x00000000fce00000,0x00000000fce00000,0x00000000ff080000)
  to   space 35328K, 0% used [0x00000000fab80000,0x00000000fab80000,0x00000000fce00000)
 ParOldGen       total 175104K, used 93469K [0x00000000c0000000, 0x00000000cab00000, 0x00000000eaa80000)
  object space 175104K, 53% used [0x00000000c0000000,0x00000000c5b474e8,0x00000000cab00000)
 PSPermGen       total 157184K, used 79099K [0x00000000ac000000, 0x00000000b5980000, 0x00000000c0000000)
  object space 157184K, 50% used [0x00000000ac000000,0x00000000b0d3ef90,0x00000000b5980000)
Event: 130.797 GC heap after
Heap after GC invocations=10 (full 1):
 PSYoungGen      total 298496K, used 1291K [0x00000000eaa80000, 0x00000000ff780000, 0x0000000100000000)
  eden space 263168K, 0% used [0x00000000eaa80000,0x00000000eaa80000,0x00000000fab80000)
  from space 35328K, 3% used [0x00000000fab80000,0x00000000facc2f78,0x00000000fce00000)
  to   space 38912K, 0% used [0x00000000fd180000,0x00000000fd180000,0x00000000ff780000)
 ParOldGen       total 175104K, used 93469K [0x00000000c0000000, 0x00000000cab00000, 0x00000000eaa80000)
  object space 175104K, 53% used [0x00000000c0000000,0x00000000c5b474e8,0x00000000cab00000)
 PSPermGen       total 157184K, used 79099K [0x00000000ac000000, 0x00000000b5980000, 0x00000000c0000000)
  object space 157184K, 50% used [0x00000000ac000000,0x00000000b0d3ef90,0x00000000b5980000)
}
Event: 130.797 GC heap before
{Heap before GC invocations=11 (full 2):
 PSYoungGen      total 298496K, used 1291K [0x00000000eaa80000, 0x00000000ff780000, 0x0000000100000000)
  eden space 263168K, 0% used [0x00000000eaa80000,0x00000000eaa80000,0x00000000fab80000)
  from space 35328K, 3% used [0x00000000fab80000,0x00000000facc2f78,0x00000000fce00000)
  to   space 38912K, 0% used [0x00000000fd180000,0x00000000fd180000,0x00000000ff780000)
 ParOldGen       total 175104K, used 93469K [0x00000000c0000000, 0x00000000cab00000, 0x00000000eaa80000)
  object space 175104K, 53% used [0x00000000c0000000,0x00000000c5b474e8,0x00000000cab00000)
 PSPermGen       total 157184K, used 79099K [0x00000000ac000000, 0x00000000b5980000, 0x00000000c0000000)
  object space 157184K, 50% used [0x00000000ac000000,0x00000000b0d3ef90,0x00000000b5980000)
Event: 130.967 GC heap after
Heap after GC invocations=11 (full 2):
 PSYoungGen      total 298496K, used 0K [0x00000000eaa80000, 0x00000000ff780000, 0x0000000100000000)
  eden space 263168K, 0% used [0x00000000eaa80000,0x00000000eaa80000,0x00000000fab80000)
  from space 35328K, 0% used [0x00000000fab80000,0x00000000fab80000,0x00000000fce00000)
  to   space 38912K, 0% used [0x00000000fd180000,0x00000000fd180000,0x00000000ff780000)
 ParOldGen       total 175104K, used 55817K [0x00000000c0000000, 0x00000000cab00000, 0x00000000eaa80000)
  object space 175104K, 31% used [0x00000000c0000000,0x00000000c3682418,0x00000000cab00000)
 PSPermGen       total 177152K, used 79099K [0x00000000ac000000, 0x00000000b6d00000, 0x00000000c0000000)
  object space 177152K, 44% used [0x00000000ac000000,0x00000000b0d3ed00,0x00000000b6d00000)
}

